{"C:\\Users\\daniel.moses\\Documents\\Projects\\QABW\\src\\QABW.Client\\qabw\\src\\components\\AddGuestsPicker.vue": {"path":"C:\\Users\\daniel.moses\\Documents\\Projects\\QABW\\src\\QABW.Client\\qabw\\src\\components\\AddGuestsPicker.vue","statementMap":{"0":{"start":{"line":102,"column":0},"end":{"line":null,"column":-1}},"1":{"start":{"line":106,"column":0},"end":{"line":null,"column":-1}},"2":{"start":{"line":109,"column":0},"end":{"line":null,"column":-1}},"3":{"start":{"line":114,"column":0},"end":{"line":null,"column":-1}},"4":{"start":{"line":117,"column":0},"end":{"line":null,"column":-1}},"5":{"start":{"line":120,"column":0},"end":{"line":null,"column":-1}}},"fnMap":{"0":{"name":"data","decl":{"start":{"line":101,"column":0},"end":{"line":null,"column":-1}},"loc":{"start":{"line":101,"column":0},"end":{"line":103,"column":0}}},"1":{"name":"selectedAdults","decl":{"start":{"line":105,"column":0},"end":{"line":null,"column":-1}},"loc":{"start":{"line":105,"column":0},"end":{"line":107,"column":0}}},"2":{"name":"selectedChildren","decl":{"start":{"line":108,"column":0},"end":{"line":null,"column":-1}},"loc":{"start":{"line":108,"column":0},"end":{"line":110,"column":0}}},"3":{"name":"updateSelectedAdults","decl":{"start":{"line":113,"column":0},"end":{"line":null,"column":-1}},"loc":{"start":{"line":113,"column":0},"end":{"line":115,"column":0}}},"4":{"name":"updateSelectedChildren","decl":{"start":{"line":116,"column":0},"end":{"line":null,"column":-1}},"loc":{"start":{"line":116,"column":0},"end":{"line":118,"column":0}}},"5":{"name":"closeGuestPicker","decl":{"start":{"line":119,"column":0},"end":{"line":null,"column":-1}},"loc":{"start":{"line":119,"column":0},"end":{"line":121,"column":0}}}},"branchMap":{},"s":{"0":1,"1":1,"2":1,"3":0,"4":0,"5":0},"f":{"0":1,"1":1,"2":1,"3":0,"4":0,"5":0},"b":{}}
}
